# JRE version: Java(TM) SE Runtime Environment (8.0_111-b14) (build 1.8.0_111-b14)
# Java VM: Java HotSpot(TM) 64-Bit Server VM (25.111-b14 mixed mode linux-amd64 compressed oops)
Heap:
 def new generation   total 9792K, used 1562K [0x00000000e0e00000, 0x00000000e18a0000, 0x00000000eb400000)
  eden space 8704K,   5% used [0x00000000e0e00000, 0x00000000e0e79570, 0x00000000e1680000)
  from space 1088K,  99% used [0x00000000e1790000, 0x00000000e189d598, 0x00000000e18a0000)
  to   space 1088K,   0% used [0x00000000e1680000, 0x00000000e1680000, 0x00000000e1790000)
 tenured generation   total 21888K, used 2235K [0x00000000eb400000, 0x00000000ec960000, 0x0000000100000000)
   the space 21888K,  10% used [0x00000000eb400000, 0x00000000eb62ef18, 0x00000000eb62f000, 0x00000000ec960000)
 Metaspace       used 13838K, capacity 14862K, committed 14976K, reserved 1062912K
  class space    used 2133K, capacity 2361K, committed 2432K, reserved 1048576K
GC Heap History (6 events):
Event: 5,361 GC heap before
{Heap before GC invocations=0 (full 0):
 def new generation   total 9792K, used 8704K [0x00000000e0e00000, 0x00000000e18a0000, 0x00000000eb400000)
  eden space 8704K, 100% used [0x00000000e0e00000, 0x00000000e1680000, 0x00000000e1680000)
  from space 1088K,   0% used [0x00000000e1680000, 0x00000000e1680000, 0x00000000e1790000)
  to   space 1088K,   0% used [0x00000000e1790000, 0x00000000e1790000, 0x00000000e18a0000)
 tenured generation   total 21888K, used 0K [0x00000000eb400000, 0x00000000ec960000, 0x0000000100000000)
   the space 21888K,   0% used [0x00000000eb400000, 0x00000000eb400000, 0x00000000eb400200, 0x00000000ec960000)
 Metaspace       used 7130K, capacity 7620K, committed 7680K, reserved 1056768K
  class space    used 909K, capacity 1007K, committed 1024K, reserved 1048576K
Event: 5,395 GC heap after
Heap after GC invocations=1 (full 0):
 def new generation   total 9792K, used 954K [0x00000000e0e00000, 0x00000000e18a0000, 0x00000000eb400000)
  eden space 8704K,   0% used [0x00000000e0e00000, 0x00000000e0e00000, 0x00000000e1680000)
  from space 1088K,  87% used [0x00000000e1790000, 0x00000000e187eb40, 0x00000000e18a0000)
  to   space 1088K,   0% used [0x00000000e1680000, 0x00000000e1680000, 0x00000000e1790000)
 tenured generation   total 21888K, used 0K [0x00000000eb400000, 0x00000000ec960000, 0x0000000100000000)
   the space 21888K,   0% used [0x00000000eb400000, 0x00000000eb400000, 0x00000000eb400200, 0x00000000ec960000)
 Metaspace       used 7130K, capacity 7620K, committed 7680K, reserved 1056768K
  class space    used 909K, capacity 1007K, committed 1024K, reserved 1048576K
}
Event: 8,454 GC heap before
{Heap before GC invocations=1 (full 0):
 def new generation   total 9792K, used 9658K [0x00000000e0e00000, 0x00000000e18a0000, 0x00000000eb400000)
  eden space 8704K, 100% used [0x00000000e0e00000, 0x00000000e1680000, 0x00000000e1680000)
  from space 1088K,  87% used [0x00000000e1790000, 0x00000000e187eb40, 0x00000000e18a0000)
  to   space 1088K,   0% used [0x00000000e1680000, 0x00000000e1680000, 0x00000000e1790000)
 tenured generation   total 21888K, used 0K [0x00000000eb400000, 0x00000000ec960000, 0x0000000100000000)
   the space 21888K,   0% used [0x00000000eb400000, 0x00000000eb400000, 0x00000000eb400200, 0x00000000ec960000)
 Metaspace       used 10656K, capacity 11198K, committed 11520K, reserved 1058816K
  class space    used 1509K, capacity 1681K, committed 1792K, reserved 1048576K
Event: 8,482 GC heap after
Heap after GC invocations=2 (full 0):
 def new generation   total 9792K, used 1088K [0x00000000e0e00000, 0x00000000e18a0000, 0x00000000eb400000)
  eden space 8704K,   0% used [0x00000000e0e00000, 0x00000000e0e00000, 0x00000000e1680000)
  from space 1088K, 100% used [0x00000000e1680000, 0x00000000e1790000, 0x00000000e1790000)
  to   space 1088K,   0% used [0x00000000e1790000, 0x00000000e1790000, 0x00000000e18a0000)
 tenured generation   total 21888K, used 1173K [0x00000000eb400000, 0x00000000ec960000, 0x0000000100000000)
   the space 21888K,   5% used [0x00000000eb400000, 0x00000000eb525790, 0x00000000eb525800, 0x00000000ec960000)
 Metaspace       used 10656K, capacity 11198K, committed 11520K, reserved 1058816K
  class space    used 1509K, capacity 1681K, committed 1792K, reserved 1048576K
}
Event: 12,033 GC heap before
{Heap before GC invocations=2 (full 0):
 def new generation   total 9792K, used 9792K [0x00000000e0e00000, 0x00000000e18a0000, 0x00000000eb400000)
  eden space 8704K, 100% used [0x00000000e0e00000, 0x00000000e1680000, 0x00000000e1680000)
  from space 1088K, 100% used [0x00000000e1680000, 0x00000000e1790000, 0x00000000e1790000)
  to   space 1088K,   0% used [0x00000000e1790000, 0x00000000e1790000, 0x00000000e18a0000)
 tenured generation   total 21888K, used 1173K [0x00000000eb400000, 0x00000000ec960000, 0x0000000100000000)
   the space 21888K,   5% used [0x00000000eb400000, 0x00000000eb525790, 0x00000000eb525800, 0x00000000ec960000)
 Metaspace       used 13688K, capacity 14702K, committed 14976K, reserved 1062912K
  class space    used 2116K, capacity 2329K, committed 2432K, reserved 1048576K
Event: 12,045 GC heap after
Heap after GC invocations=3 (full 0):
 def new generation   total 9792K, used 1077K [0x00000000e0e00000, 0x00000000e18a0000, 0x00000000eb400000)
  eden space 8704K,   0% used [0x00000000e0e00000, 0x00000000e0e00000, 0x00000000e1680000)
  from space 1088K,  99% used [0x00000000e1790000, 0x00000000e189d598, 0x00000000e18a0000)
  to   space 1088K,   0% used [0x00000000e1680000, 0x00000000e1680000, 0x00000000e1790000)
 tenured generation   total 21888K, used 2235K [0x00000000eb400000, 0x00000000ec960000, 0x0000000100000000)
   the space 21888K,  10% used [0x00000000eb400000, 0x00000000eb62ef18, 0x00000000eb62f000, 0x00000000ec960000)
 Metaspace       used 13688K, capacity 14702K, committed 14976K, reserved 1062912K
  class space    used 2116K, capacity 2329K, committed 2432K, reserved 1048576K
}

