# JRE version: Java(TM) SE Runtime Environment (8.0_111-b14) (build 1.8.0_111-b14)
# Java VM: Java HotSpot(TM) 64-Bit Server VM (25.111-b14 mixed mode linux-amd64 compressed oops)
Heap:
 def new generation   total 12288K, used 5102K [0x00000000e0e00000, 0x00000000e1b50000, 0x00000000eb400000)
  eden space 10944K,  43% used [0x00000000e0e00000, 0x00000000e12a3050, 0x00000000e18b0000)
  from space 1344K,  26% used [0x00000000e1a00000, 0x00000000e1a58b58, 0x00000000e1b50000)
  to   space 1344K,   0% used [0x00000000e18b0000, 0x00000000e18b0000, 0x00000000e1a00000)
 tenured generation   total 27132K, used 19325K [0x00000000eb400000, 0x00000000ece7f000, 0x0000000100000000)
   the space 27132K,  71% used [0x00000000eb400000, 0x00000000ec6df7f8, 0x00000000ec6df800, 0x00000000ece7f000)
 Metaspace       used 21470K, capacity 23026K, committed 23344K, reserved 1069056K
  class space    used 3012K, capacity 3291K, committed 3376K, reserved 1048576K
GC Heap History (10 events):
Event: 18,796 GC heap before
{Heap before GC invocations=7 (full 1):
 def new generation   total 12288K, used 10944K [0x00000000e0e00000, 0x00000000e1b50000, 0x00000000eb400000)
  eden space 10944K, 100% used [0x00000000e0e00000, 0x00000000e18b0000, 0x00000000e18b0000)
  from space 1344K,   0% used [0x00000000e18b0000, 0x00000000e18b0000, 0x00000000e1a00000)
  to   space 1344K,   0% used [0x00000000e1a00000, 0x00000000e1a00000, 0x00000000e1b50000)
 tenured generation   total 27132K, used 16278K [0x00000000eb400000, 0x00000000ece7f000, 0x0000000100000000)
   the space 27132K,  59% used [0x00000000eb400000, 0x00000000ec3e5868, 0x00000000ec3e5a00, 0x00000000ece7f000)
 Metaspace       used 20998K, capacity 22530K, committed 22832K, reserved 1069056K
  class space    used 2959K, capacity 3257K, committed 3376K, reserved 1048576K
Event: 18,816 GC heap after
Heap after GC invocations=8 (full 1):
 def new generation   total 12288K, used 1343K [0x00000000e0e00000, 0x00000000e1b50000, 0x00000000eb400000)
  eden space 10944K,   0% used [0x00000000e0e00000, 0x00000000e0e00000, 0x00000000e18b0000)
  from space 1344K,  99% used [0x00000000e1a00000, 0x00000000e1b4fff8, 0x00000000e1b50000)
  to   space 1344K,   0% used [0x00000000e18b0000, 0x00000000e18b0000, 0x00000000e1a00000)
 tenured generation   total 27132K, used 18005K [0x00000000eb400000, 0x00000000ece7f000, 0x0000000100000000)
   the space 27132K,  66% used [0x00000000eb400000, 0x00000000ec595448, 0x00000000ec595600, 0x00000000ece7f000)
 Metaspace       used 20998K, capacity 22530K, committed 22832K, reserved 1069056K
  class space    used 2959K, capacity 3257K, committed 3376K, reserved 1048576K
}
Event: 213,889 GC heap before
{Heap before GC invocations=8 (full 1):
 def new generation   total 12288K, used 12287K [0x00000000e0e00000, 0x00000000e1b50000, 0x00000000eb400000)
  eden space 10944K, 100% used [0x00000000e0e00000, 0x00000000e18b0000, 0x00000000e18b0000)
  from space 1344K,  99% used [0x00000000e1a00000, 0x00000000e1b4fff8, 0x00000000e1b50000)
  to   space 1344K,   0% used [0x00000000e18b0000, 0x00000000e18b0000, 0x00000000e1a00000)
 tenured generation   total 27132K, used 18005K [0x00000000eb400000, 0x00000000ece7f000, 0x0000000100000000)
   the space 27132K,  66% used [0x00000000eb400000, 0x00000000ec595448, 0x00000000ec595600, 0x00000000ece7f000)
 Metaspace       used 21451K, capacity 23014K, committed 23344K, reserved 1069056K
  class space    used 3009K, capacity 3289K, committed 3376K, reserved 1048576K
Event: 213,894 GC heap after
Heap after GC invocations=9 (full 1):
 def new generation   total 12288K, used 489K [0x00000000e0e00000, 0x00000000e1b50000, 0x00000000eb400000)
  eden space 10944K,   0% used [0x00000000e0e00000, 0x00000000e0e00000, 0x00000000e18b0000)
  from space 1344K,  36% used [0x00000000e18b0000, 0x00000000e192a520, 0x00000000e1a00000)
  to   space 1344K,   0% used [0x00000000e1a00000, 0x00000000e1a00000, 0x00000000e1b50000)
 tenured generation   total 27132K, used 19325K [0x00000000eb400000, 0x00000000ece7f000, 0x0000000100000000)
   the space 27132K,  71% used [0x00000000eb400000, 0x00000000ec6df7f8, 0x00000000ec6df800, 0x00000000ece7f000)
 Metaspace       used 21451K, capacity 23014K, committed 23344K, reserved 1069056K
  class space    used 3009K, capacity 3289K, committed 3376K, reserved 1048576K
}
Event: 445,640 GC heap before
{Heap before GC invocations=9 (full 1):
 def new generation   total 12288K, used 11433K [0x00000000e0e00000, 0x00000000e1b50000, 0x00000000eb400000)
  eden space 10944K, 100% used [0x00000000e0e00000, 0x00000000e18b0000, 0x00000000e18b0000)
  from space 1344K,  36% used [0x00000000e18b0000, 0x00000000e192a520, 0x00000000e1a00000)
  to   space 1344K,   0% used [0x00000000e1a00000, 0x00000000e1a00000, 0x00000000e1b50000)
 tenured generation   total 27132K, used 19325K [0x00000000eb400000, 0x00000000ece7f000, 0x0000000100000000)
   the space 27132K,  71% used [0x00000000eb400000, 0x00000000ec6df7f8, 0x00000000ec6df800, 0x00000000ece7f000)
 Metaspace       used 21455K, capacity 23014K, committed 23344K, reserved 1069056K
  class space    used 3009K, capacity 3289K, committed 3376K, reserved 1048576K
Event: 445,643 GC heap after
Heap after GC invocations=10 (full 1):
 def new generation   total 12288K, used 367K [0x00000000e0e00000, 0x00000000e1b50000, 0x00000000eb400000)
  eden space 10944K,   0% used [0x00000000e0e00000, 0x00000000e0e00000, 0x00000000e18b0000)
  from space 1344K,  27% used [0x00000000e1a00000, 0x00000000e1a5bfa0, 0x00000000e1b50000)
  to   space 1344K,   0% used [0x00000000e18b0000, 0x00000000e18b0000, 0x00000000e1a00000)
 tenured generation   total 27132K, used 19325K [0x00000000eb400000, 0x00000000ece7f000, 0x0000000100000000)
   the space 27132K,  71% used [0x00000000eb400000, 0x00000000ec6df7f8, 0x00000000ec6df800, 0x00000000ece7f000)
 Metaspace       used 21455K, capacity 23014K, committed 23344K, reserved 1069056K
  class space    used 3009K, capacity 3289K, committed 3376K, reserved 1048576K
}
Event: 677,514 GC heap before
{Heap before GC invocations=10 (full 1):
 def new generation   total 12288K, used 11311K [0x00000000e0e00000, 0x00000000e1b50000, 0x00000000eb400000)
  eden space 10944K, 100% used [0x00000000e0e00000, 0x00000000e18b0000, 0x00000000e18b0000)
  from space 1344K,  27% used [0x00000000e1a00000, 0x00000000e1a5bfa0, 0x00000000e1b50000)
  to   space 1344K,   0% used [0x00000000e18b0000, 0x00000000e18b0000, 0x00000000e1a00000)
 tenured generation   total 27132K, used 19325K [0x00000000eb400000, 0x00000000ece7f000, 0x0000000100000000)
   the space 27132K,  71% used [0x00000000eb400000, 0x00000000ec6df7f8, 0x00000000ec6df800, 0x00000000ece7f000)
 Metaspace       used 21456K, capacity 23014K, committed 23344K, reserved 1069056K
  class space    used 3009K, capacity 3289K, committed 3376K, reserved 1048576K
Event: 677,516 GC heap after
Heap after GC invocations=11 (full 1):
 def new generation   total 12288K, used 368K [0x00000000e0e00000, 0x00000000e1b50000, 0x00000000eb400000)
  eden space 10944K,   0% used [0x00000000e0e00000, 0x00000000e0e00000, 0x00000000e18b0000)
  from space 1344K,  27% used [0x00000000e18b0000, 0x00000000e190c0d0, 0x00000000e1a00000)
  to   space 1344K,   0% used [0x00000000e1a00000, 0x00000000e1a00000, 0x00000000e1b50000)
 tenured generation   total 27132K, used 19325K [0x00000000eb400000, 0x00000000ece7f000, 0x0000000100000000)
   the space 27132K,  71% used [0x00000000eb400000, 0x00000000ec6df7f8, 0x00000000ec6df800, 0x00000000ece7f000)
 Metaspace       used 21456K, capacity 23014K, committed 23344K, reserved 1069056K
  class space    used 3009K, capacity 3289K, committed 3376K, reserved 1048576K
}
Event: 909,522 GC heap before
{Heap before GC invocations=11 (full 1):
 def new generation   total 12288K, used 11312K [0x00000000e0e00000, 0x00000000e1b50000, 0x00000000eb400000)
  eden space 10944K, 100% used [0x00000000e0e00000, 0x00000000e18b0000, 0x00000000e18b0000)
  from space 1344K,  27% used [0x00000000e18b0000, 0x00000000e190c0d0, 0x00000000e1a00000)
  to   space 1344K,   0% used [0x00000000e1a00000, 0x00000000e1a00000, 0x00000000e1b50000)
 tenured generation   total 27132K, used 19325K [0x00000000eb400000, 0x00000000ece7f000, 0x0000000100000000)
   the space 27132K,  71% used [0x00000000eb400000, 0x00000000ec6df7f8, 0x00000000ec6df800, 0x00000000ece7f000)
 Metaspace       used 21456K, capacity 23014K, committed 23344K, reserved 1069056K
  class space    used 3009K, capacity 3289K, committed 3376K, reserved 1048576K
Event: 909,525 GC heap after
Heap after GC invocations=12 (full 1):
 def new generation   total 12288K, used 354K [0x00000000e0e00000, 0x00000000e1b50000, 0x00000000eb400000)
  eden space 10944K,   0% used [0x00000000e0e00000, 0x00000000e0e00000, 0x00000000e18b0000)
  from space 1344K,  26% used [0x00000000e1a00000, 0x00000000e1a58b58, 0x00000000e1b50000)
  to   space 1344K,   0% used [0x00000000e18b0000, 0x00000000e18b0000, 0x00000000e1a00000)
 tenured generation   total 27132K, used 19325K [0x00000000eb400000, 0x00000000ece7f000, 0x0000000100000000)
   the space 27132K,  71% used [0x00000000eb400000, 0x00000000ec6df7f8, 0x00000000ec6df800, 0x00000000ece7f000)
 Metaspace       used 21456K, capacity 23014K, committed 23344K, reserved 1069056K
  class space    used 3009K, capacity 3289K, committed 3376K, reserved 1048576K
}

