# JRE version: Java(TM) SE Runtime Environment (8.0_111-b14) (build 1.8.0_111-b14)
# Java VM: Java HotSpot(TM) 64-Bit Server VM (25.111-b14 mixed mode linux-amd64 compressed oops)
Heap:
 def new generation   total 12352K, used 8819K [0x00000000e0e00000, 0x00000000e1b60000, 0x00000000eb400000)
  eden space 11008K,  78% used [0x00000000e0e00000, 0x00000000e1671cd0, 0x00000000e18c0000)
  from space 1344K,  12% used [0x00000000e18c0000, 0x00000000e18eb2a8, 0x00000000e1a10000)
  to   space 1344K,   0% used [0x00000000e1a10000, 0x00000000e1a10000, 0x00000000e1b60000)
 tenured generation   total 27356K, used 19481K [0x00000000eb400000, 0x00000000eceb7000, 0x0000000100000000)
   the space 27356K,  71% used [0x00000000eb400000, 0x00000000ec706428, 0x00000000ec706600, 0x00000000eceb7000)
 Metaspace       used 21446K, capacity 22984K, committed 23040K, reserved 1069056K
  class space    used 3013K, capacity 3294K, committed 3328K, reserved 1048576K
GC Heap History (10 events):
Event: 197,232 GC heap before
{Heap before GC invocations=8 (full 1):
 def new generation   total 12352K, used 12352K [0x00000000e0e00000, 0x00000000e1b60000, 0x00000000eb400000)
  eden space 11008K, 100% used [0x00000000e0e00000, 0x00000000e18c0000, 0x00000000e18c0000)
  from space 1344K, 100% used [0x00000000e1a10000, 0x00000000e1b60000, 0x00000000e1b60000)
  to   space 1344K,   0% used [0x00000000e18c0000, 0x00000000e18c0000, 0x00000000e1a10000)
 tenured generation   total 27356K, used 18158K [0x00000000eb400000, 0x00000000eceb7000, 0x0000000100000000)
   the space 27356K,  66% used [0x00000000eb400000, 0x00000000ec5bba90, 0x00000000ec5bbc00, 0x00000000eceb7000)
 Metaspace       used 21426K, capacity 22972K, committed 23040K, reserved 1069056K
  class space    used 3011K, capacity 3292K, committed 3328K, reserved 1048576K
Event: 197,237 GC heap after
Heap after GC invocations=9 (full 1):
 def new generation   total 12352K, used 435K [0x00000000e0e00000, 0x00000000e1b60000, 0x00000000eb400000)
  eden space 11008K,   0% used [0x00000000e0e00000, 0x00000000e0e00000, 0x00000000e18c0000)
  from space 1344K,  32% used [0x00000000e18c0000, 0x00000000e192ce68, 0x00000000e1a10000)
  to   space 1344K,   0% used [0x00000000e1a10000, 0x00000000e1a10000, 0x00000000e1b60000)
 tenured generation   total 27356K, used 19481K [0x00000000eb400000, 0x00000000eceb7000, 0x0000000100000000)
   the space 27356K,  71% used [0x00000000eb400000, 0x00000000ec706428, 0x00000000ec706600, 0x00000000eceb7000)
 Metaspace       used 21426K, capacity 22972K, committed 23040K, reserved 1069056K
  class space    used 3011K, capacity 3292K, committed 3328K, reserved 1048576K
}
Event: 453,481 GC heap before
{Heap before GC invocations=9 (full 1):
 def new generation   total 12352K, used 11443K [0x00000000e0e00000, 0x00000000e1b60000, 0x00000000eb400000)
  eden space 11008K, 100% used [0x00000000e0e00000, 0x00000000e18c0000, 0x00000000e18c0000)
  from space 1344K,  32% used [0x00000000e18c0000, 0x00000000e192ce68, 0x00000000e1a10000)
  to   space 1344K,   0% used [0x00000000e1a10000, 0x00000000e1a10000, 0x00000000e1b60000)
 tenured generation   total 27356K, used 19481K [0x00000000eb400000, 0x00000000eceb7000, 0x0000000100000000)
   the space 27356K,  71% used [0x00000000eb400000, 0x00000000ec706428, 0x00000000ec706600, 0x00000000eceb7000)
 Metaspace       used 21430K, capacity 22972K, committed 23040K, reserved 1069056K
  class space    used 3011K, capacity 3292K, committed 3328K, reserved 1048576K
Event: 453,493 GC heap after
Heap after GC invocations=10 (full 1):
 def new generation   total 12352K, used 314K [0x00000000e0e00000, 0x00000000e1b60000, 0x00000000eb400000)
  eden space 11008K,   0% used [0x00000000e0e00000, 0x00000000e0e00000, 0x00000000e18c0000)
  from space 1344K,  23% used [0x00000000e1a10000, 0x00000000e1a5e950, 0x00000000e1b60000)
  to   space 1344K,   0% used [0x00000000e18c0000, 0x00000000e18c0000, 0x00000000e1a10000)
 tenured generation   total 27356K, used 19481K [0x00000000eb400000, 0x00000000eceb7000, 0x0000000100000000)
   the space 27356K,  71% used [0x00000000eb400000, 0x00000000ec706428, 0x00000000ec706600, 0x00000000eceb7000)
 Metaspace       used 21430K, capacity 22972K, committed 23040K, reserved 1069056K
  class space    used 3011K, capacity 3292K, committed 3328K, reserved 1048576K
}
Event: 687,041 GC heap before
{Heap before GC invocations=10 (full 1):
 def new generation   total 12352K, used 11322K [0x00000000e0e00000, 0x00000000e1b60000, 0x00000000eb400000)
  eden space 11008K, 100% used [0x00000000e0e00000, 0x00000000e18c0000, 0x00000000e18c0000)
  from space 1344K,  23% used [0x00000000e1a10000, 0x00000000e1a5e950, 0x00000000e1b60000)
  to   space 1344K,   0% used [0x00000000e18c0000, 0x00000000e18c0000, 0x00000000e1a10000)
 tenured generation   total 27356K, used 19481K [0x00000000eb400000, 0x00000000eceb7000, 0x0000000100000000)
   the space 27356K,  71% used [0x00000000eb400000, 0x00000000ec706428, 0x00000000ec706600, 0x00000000eceb7000)
 Metaspace       used 21431K, capacity 22972K, committed 23040K, reserved 1069056K
  class space    used 3011K, capacity 3292K, committed 3328K, reserved 1048576K
Event: 687,044 GC heap after
Heap after GC invocations=11 (full 1):
 def new generation   total 12352K, used 314K [0x00000000e0e00000, 0x00000000e1b60000, 0x00000000eb400000)
  eden space 11008K,   0% used [0x00000000e0e00000, 0x00000000e0e00000, 0x00000000e18c0000)
  from space 1344K,  23% used [0x00000000e18c0000, 0x00000000e190ea60, 0x00000000e1a10000)
  to   space 1344K,   0% used [0x00000000e1a10000, 0x00000000e1a10000, 0x00000000e1b60000)
 tenured generation   total 27356K, used 19481K [0x00000000eb400000, 0x00000000eceb7000, 0x0000000100000000)
   the space 27356K,  71% used [0x00000000eb400000, 0x00000000ec706428, 0x00000000ec706600, 0x00000000eceb7000)
 Metaspace       used 21431K, capacity 22972K, committed 23040K, reserved 1069056K
  class space    used 3011K, capacity 3292K, committed 3328K, reserved 1048576K
}
Event: 920,853 GC heap before
{Heap before GC invocations=11 (full 1):
 def new generation   total 12352K, used 11322K [0x00000000e0e00000, 0x00000000e1b60000, 0x00000000eb400000)
  eden space 11008K, 100% used [0x00000000e0e00000, 0x00000000e18c0000, 0x00000000e18c0000)
  from space 1344K,  23% used [0x00000000e18c0000, 0x00000000e190ea60, 0x00000000e1a10000)
  to   space 1344K,   0% used [0x00000000e1a10000, 0x00000000e1a10000, 0x00000000e1b60000)
 tenured generation   total 27356K, used 19481K [0x00000000eb400000, 0x00000000eceb7000, 0x0000000100000000)
   the space 27356K,  71% used [0x00000000eb400000, 0x00000000ec706428, 0x00000000ec706600, 0x00000000eceb7000)
 Metaspace       used 21431K, capacity 22972K, committed 23040K, reserved 1069056K
  class space    used 3011K, capacity 3292K, committed 3328K, reserved 1048576K
Event: 920,856 GC heap after
Heap after GC invocations=12 (full 1):
 def new generation   total 12352K, used 301K [0x00000000e0e00000, 0x00000000e1b60000, 0x00000000eb400000)
  eden space 11008K,   0% used [0x00000000e0e00000, 0x00000000e0e00000, 0x00000000e18c0000)
  from space 1344K,  22% used [0x00000000e1a10000, 0x00000000e1a5b408, 0x00000000e1b60000)
  to   space 1344K,   0% used [0x00000000e18c0000, 0x00000000e18c0000, 0x00000000e1a10000)
 tenured generation   total 27356K, used 19481K [0x00000000eb400000, 0x00000000eceb7000, 0x0000000100000000)
   the space 27356K,  71% used [0x00000000eb400000, 0x00000000ec706428, 0x00000000ec706600, 0x00000000eceb7000)
 Metaspace       used 21431K, capacity 22972K, committed 23040K, reserved 1069056K
  class space    used 3011K, capacity 3292K, committed 3328K, reserved 1048576K
}
Event: 1155,265 GC heap before
{Heap before GC invocations=12 (full 1):
 def new generation   total 12352K, used 11309K [0x00000000e0e00000, 0x00000000e1b60000, 0x00000000eb400000)
  eden space 11008K, 100% used [0x00000000e0e00000, 0x00000000e18c0000, 0x00000000e18c0000)
  from space 1344K,  22% used [0x00000000e1a10000, 0x00000000e1a5b408, 0x00000000e1b60000)
  to   space 1344K,   0% used [0x00000000e18c0000, 0x00000000e18c0000, 0x00000000e1a10000)
 tenured generation   total 27356K, used 19481K [0x00000000eb400000, 0x00000000eceb7000, 0x0000000100000000)
   the space 27356K,  71% used [0x00000000eb400000, 0x00000000ec706428, 0x00000000ec706600, 0x00000000eceb7000)
 Metaspace       used 21431K, capacity 22972K, committed 23040K, reserved 1069056K
  class space    used 3011K, capacity 3292K, committed 3328K, reserved 1048576K
Event: 1155,268 GC heap after
Heap after GC invocations=13 (full 1):
 def new generation   total 12352K, used 172K [0x00000000e0e00000, 0x00000000e1b60000, 0x00000000eb400000)
  eden space 11008K,   0% used [0x00000000e0e00000, 0x00000000e0e00000, 0x00000000e18c0000)
  from space 1344K,  12% used [0x00000000e18c0000, 0x00000000e18eb2a8, 0x00000000e1a10000)
  to   space 1344K,   0% used [0x00000000e1a10000, 0x00000000e1a10000, 0x00000000e1b60000)
 tenured generation   total 27356K, used 19481K [0x00000000eb400000, 0x00000000eceb7000, 0x0000000100000000)
   the space 27356K,  71% used [0x00000000eb400000, 0x00000000ec706428, 0x00000000ec706600, 0x00000000eceb7000)
 Metaspace       used 21431K, capacity 22972K, committed 23040K, reserved 1069056K
  class space    used 3011K, capacity 3292K, committed 3328K, reserved 1048576K
}

