# JRE version: Java(TM) SE Runtime Environment (8.0_111-b14) (build 1.8.0_111-b14)
# Java VM: Java HotSpot(TM) 64-Bit Server VM (25.111-b14 mixed mode linux-amd64 compressed oops)
Heap:
 def new generation   total 12352K, used 2630K [0x00000000e0e00000, 0x00000000e1b60000, 0x00000000eb400000)
  eden space 11008K,  22% used [0x00000000e0e00000, 0x00000000e106a0b8, 0x00000000e18c0000)
  from space 1344K,  11% used [0x00000000e1a10000, 0x00000000e1a377f0, 0x00000000e1b60000)
  to   space 1344K,   0% used [0x00000000e18c0000, 0x00000000e18c0000, 0x00000000e1a10000)
 tenured generation   total 27264K, used 19535K [0x00000000eb400000, 0x00000000ecea0000, 0x0000000100000000)
   the space 27264K,  71% used [0x00000000eb400000, 0x00000000ec713fc8, 0x00000000ec714000, 0x00000000ecea0000)
 Metaspace       used 21071K, capacity 22604K, committed 22832K, reserved 1069056K
  class space    used 2962K, capacity 3252K, committed 3376K, reserved 1048576K
GC Heap History (10 events):
Event: 434,413 GC heap before
{Heap before GC invocations=9 (full 1):
 def new generation   total 12352K, used 11360K [0x00000000e0e00000, 0x00000000e1b60000, 0x00000000eb400000)
  eden space 11008K, 100% used [0x00000000e0e00000, 0x00000000e18c0000, 0x00000000e18c0000)
  from space 1344K,  26% used [0x00000000e18c0000, 0x00000000e1918310, 0x00000000e1a10000)
  to   space 1344K,   0% used [0x00000000e1a10000, 0x00000000e1a10000, 0x00000000e1b60000)
 tenured generation   total 27264K, used 19535K [0x00000000eb400000, 0x00000000ecea0000, 0x0000000100000000)
   the space 27264K,  71% used [0x00000000eb400000, 0x00000000ec713fc8, 0x00000000ec714000, 0x00000000ecea0000)
 Metaspace       used 21055K, capacity 22528K, committed 22832K, reserved 1069056K
  class space    used 2959K, capacity 3250K, committed 3376K, reserved 1048576K
Event: 434,415 GC heap after
Heap after GC invocations=10 (full 1):
 def new generation   total 12352K, used 287K [0x00000000e0e00000, 0x00000000e1b60000, 0x00000000eb400000)
  eden space 11008K,   0% used [0x00000000e0e00000, 0x00000000e0e00000, 0x00000000e18c0000)
  from space 1344K,  21% used [0x00000000e1a10000, 0x00000000e1a57c40, 0x00000000e1b60000)
  to   space 1344K,   0% used [0x00000000e18c0000, 0x00000000e18c0000, 0x00000000e1a10000)
 tenured generation   total 27264K, used 19535K [0x00000000eb400000, 0x00000000ecea0000, 0x0000000100000000)
   the space 27264K,  71% used [0x00000000eb400000, 0x00000000ec713fc8, 0x00000000ec714000, 0x00000000ecea0000)
 Metaspace       used 21055K, capacity 22528K, committed 22832K, reserved 1069056K
  class space    used 2959K, capacity 3250K, committed 3376K, reserved 1048576K
}
Event: 690,278 GC heap before
{Heap before GC invocations=10 (full 1):
 def new generation   total 12352K, used 11295K [0x00000000e0e00000, 0x00000000e1b60000, 0x00000000eb400000)
  eden space 11008K, 100% used [0x00000000e0e00000, 0x00000000e18c0000, 0x00000000e18c0000)
  from space 1344K,  21% used [0x00000000e1a10000, 0x00000000e1a57c40, 0x00000000e1b60000)
  to   space 1344K,   0% used [0x00000000e18c0000, 0x00000000e18c0000, 0x00000000e1a10000)
 tenured generation   total 27264K, used 19535K [0x00000000eb400000, 0x00000000ecea0000, 0x0000000100000000)
   the space 27264K,  71% used [0x00000000eb400000, 0x00000000ec713fc8, 0x00000000ec714000, 0x00000000ecea0000)
 Metaspace       used 21057K, capacity 22592K, committed 22832K, reserved 1069056K
  class space    used 2959K, capacity 3250K, committed 3376K, reserved 1048576K
Event: 690,280 GC heap after
Heap after GC invocations=11 (full 1):
 def new generation   total 12352K, used 287K [0x00000000e0e00000, 0x00000000e1b60000, 0x00000000eb400000)
  eden space 11008K,   0% used [0x00000000e0e00000, 0x00000000e0e00000, 0x00000000e18c0000)
  from space 1344K,  21% used [0x00000000e18c0000, 0x00000000e1907cd0, 0x00000000e1a10000)
  to   space 1344K,   0% used [0x00000000e1a10000, 0x00000000e1a10000, 0x00000000e1b60000)
 tenured generation   total 27264K, used 19535K [0x00000000eb400000, 0x00000000ecea0000, 0x0000000100000000)
   the space 27264K,  71% used [0x00000000eb400000, 0x00000000ec713fc8, 0x00000000ec714000, 0x00000000ecea0000)
 Metaspace       used 21057K, capacity 22592K, committed 22832K, reserved 1069056K
  class space    used 2959K, capacity 3250K, committed 3376K, reserved 1048576K
}
Event: 924,120 GC heap before
{Heap before GC invocations=11 (full 1):
 def new generation   total 12352K, used 11295K [0x00000000e0e00000, 0x00000000e1b60000, 0x00000000eb400000)
  eden space 11008K, 100% used [0x00000000e0e00000, 0x00000000e18c0000, 0x00000000e18c0000)
  from space 1344K,  21% used [0x00000000e18c0000, 0x00000000e1907cd0, 0x00000000e1a10000)
  to   space 1344K,   0% used [0x00000000e1a10000, 0x00000000e1a10000, 0x00000000e1b60000)
 tenured generation   total 27264K, used 19535K [0x00000000eb400000, 0x00000000ecea0000, 0x0000000100000000)
   the space 27264K,  71% used [0x00000000eb400000, 0x00000000ec713fc8, 0x00000000ec714000, 0x00000000ecea0000)
 Metaspace       used 21057K, capacity 22592K, committed 22832K, reserved 1069056K
  class space    used 2959K, capacity 3250K, committed 3376K, reserved 1048576K
Event: 924,122 GC heap after
Heap after GC invocations=12 (full 1):
 def new generation   total 12352K, used 286K [0x00000000e0e00000, 0x00000000e1b60000, 0x00000000eb400000)
  eden space 11008K,   0% used [0x00000000e0e00000, 0x00000000e0e00000, 0x00000000e18c0000)
  from space 1344K,  21% used [0x00000000e1a10000, 0x00000000e1a57990, 0x00000000e1b60000)
  to   space 1344K,   0% used [0x00000000e18c0000, 0x00000000e18c0000, 0x00000000e1a10000)
 tenured generation   total 27264K, used 19535K [0x00000000eb400000, 0x00000000ecea0000, 0x0000000100000000)
   the space 27264K,  71% used [0x00000000eb400000, 0x00000000ec713fc8, 0x00000000ec714000, 0x00000000ecea0000)
 Metaspace       used 21057K, capacity 22592K, committed 22832K, reserved 1069056K
  class space    used 2959K, capacity 3250K, committed 3376K, reserved 1048576K
}
Event: 1158,598 GC heap before
{Heap before GC invocations=12 (full 1):
 def new generation   total 12352K, used 11294K [0x00000000e0e00000, 0x00000000e1b60000, 0x00000000eb400000)
  eden space 11008K, 100% used [0x00000000e0e00000, 0x00000000e18c0000, 0x00000000e18c0000)
  from space 1344K,  21% used [0x00000000e1a10000, 0x00000000e1a57990, 0x00000000e1b60000)
  to   space 1344K,   0% used [0x00000000e18c0000, 0x00000000e18c0000, 0x00000000e1a10000)
 tenured generation   total 27264K, used 19535K [0x00000000eb400000, 0x00000000ecea0000, 0x0000000100000000)
   the space 27264K,  71% used [0x00000000eb400000, 0x00000000ec713fc8, 0x00000000ec714000, 0x00000000ecea0000)
 Metaspace       used 21057K, capacity 22592K, committed 22832K, reserved 1069056K
  class space    used 2959K, capacity 3250K, committed 3376K, reserved 1048576K
Event: 1158,600 GC heap after
Heap after GC invocations=13 (full 1):
 def new generation   total 12352K, used 157K [0x00000000e0e00000, 0x00000000e1b60000, 0x00000000eb400000)
  eden space 11008K,   0% used [0x00000000e0e00000, 0x00000000e0e00000, 0x00000000e18c0000)
  from space 1344K,  11% used [0x00000000e18c0000, 0x00000000e18e77f0, 0x00000000e1a10000)
  to   space 1344K,   0% used [0x00000000e1a10000, 0x00000000e1a10000, 0x00000000e1b60000)
 tenured generation   total 27264K, used 19535K [0x00000000eb400000, 0x00000000ecea0000, 0x0000000100000000)
   the space 27264K,  71% used [0x00000000eb400000, 0x00000000ec713fc8, 0x00000000ec714000, 0x00000000ecea0000)
 Metaspace       used 21057K, capacity 22592K, committed 22832K, reserved 1069056K
  class space    used 2959K, capacity 3250K, committed 3376K, reserved 1048576K
}
Event: 1392,796 GC heap before
{Heap before GC invocations=13 (full 1):
 def new generation   total 12352K, used 11165K [0x00000000e0e00000, 0x00000000e1b60000, 0x00000000eb400000)
  eden space 11008K, 100% used [0x00000000e0e00000, 0x00000000e18c0000, 0x00000000e18c0000)
  from space 1344K,  11% used [0x00000000e18c0000, 0x00000000e18e77f0, 0x00000000e1a10000)
  to   space 1344K,   0% used [0x00000000e1a10000, 0x00000000e1a10000, 0x00000000e1b60000)
 tenured generation   total 27264K, used 19535K [0x00000000eb400000, 0x00000000ecea0000, 0x0000000100000000)
   the space 27264K,  71% used [0x00000000eb400000, 0x00000000ec713fc8, 0x00000000ec714000, 0x00000000ecea0000)
 Metaspace       used 21057K, capacity 22592K, committed 22832K, reserved 1069056K
  class space    used 2959K, capacity 3250K, committed 3376K, reserved 1048576K
Event: 1392,798 GC heap after
Heap after GC invocations=14 (full 1):
 def new generation   total 12352K, used 157K [0x00000000e0e00000, 0x00000000e1b60000, 0x00000000eb400000)
  eden space 11008K,   0% used [0x00000000e0e00000, 0x00000000e0e00000, 0x00000000e18c0000)
  from space 1344K,  11% used [0x00000000e1a10000, 0x00000000e1a377f0, 0x00000000e1b60000)
  to   space 1344K,   0% used [0x00000000e18c0000, 0x00000000e18c0000, 0x00000000e1a10000)
 tenured generation   total 27264K, used 19535K [0x00000000eb400000, 0x00000000ecea0000, 0x0000000100000000)
   the space 27264K,  71% used [0x00000000eb400000, 0x00000000ec713fc8, 0x00000000ec714000, 0x00000000ecea0000)
 Metaspace       used 21057K, capacity 22592K, committed 22832K, reserved 1069056K
  class space    used 2959K, capacity 3250K, committed 3376K, reserved 1048576K
}

