# JRE version: Java(TM) SE Runtime Environment (8.0_111-b14) (build 1.8.0_111-b14)
# Java VM: Java HotSpot(TM) 64-Bit Server VM (25.111-b14 mixed mode linux-amd64 compressed oops)
Heap:
 def new generation   total 12288K, used 7056K [0x00000000e0e00000, 0x00000000e1b50000, 0x00000000eb400000)
  eden space 10944K,  64% used [0x00000000e0e00000, 0x00000000e14e4260, 0x00000000e18b0000)
  from space 1344K,   0% used [0x00000000e18b0000, 0x00000000e18b0068, 0x00000000e1a00000)
  to   space 1344K,   0% used [0x00000000e1a00000, 0x00000000e1a00000, 0x00000000e1b50000)
 tenured generation   total 27200K, used 17125K [0x00000000eb400000, 0x00000000ece90000, 0x0000000100000000)
   the space 27200K,  62% used [0x00000000eb400000, 0x00000000ec4b9698, 0x00000000ec4b9800, 0x00000000ece90000)
 Metaspace       used 20706K, capacity 22136K, committed 22272K, reserved 1069056K
  class space    used 2940K, capacity 3240K, committed 3328K, reserved 1048576K
GC Heap History (10 events):
Event: 374,586 GC heap before
{Heap before GC invocations=8 (full 1):
 def new generation   total 12288K, used 11785K [0x00000000e0e00000, 0x00000000e1b50000, 0x00000000eb400000)
  eden space 10944K, 100% used [0x00000000e0e00000, 0x00000000e18b0000, 0x00000000e18b0000)
  from space 1344K,  62% used [0x00000000e1a00000, 0x00000000e1ad26f0, 0x00000000e1b50000)
  to   space 1344K,   0% used [0x00000000e18b0000, 0x00000000e18b0000, 0x00000000e1a00000)
 tenured generation   total 27200K, used 16319K [0x00000000eb400000, 0x00000000ece90000, 0x0000000100000000)
   the space 27200K,  59% used [0x00000000eb400000, 0x00000000ec3efcc8, 0x00000000ec3efe00, 0x00000000ece90000)
 Metaspace       used 20681K, capacity 22118K, committed 22272K, reserved 1069056K
  class space    used 2938K, capacity 3237K, committed 3328K, reserved 1048576K
Event: 374,590 GC heap after
Heap after GC invocations=9 (full 1):
 def new generation   total 12288K, used 0K [0x00000000e0e00000, 0x00000000e1b50000, 0x00000000eb400000)
  eden space 10944K,   0% used [0x00000000e0e00000, 0x00000000e0e00000, 0x00000000e18b0000)
  from space 1344K,   0% used [0x00000000e18b0000, 0x00000000e18b01f8, 0x00000000e1a00000)
  to   space 1344K,   0% used [0x00000000e1a00000, 0x00000000e1a00000, 0x00000000e1b50000)
 tenured generation   total 27200K, used 17125K [0x00000000eb400000, 0x00000000ece90000, 0x0000000100000000)
   the space 27200K,  62% used [0x00000000eb400000, 0x00000000ec4b9698, 0x00000000ec4b9800, 0x00000000ece90000)
 Metaspace       used 20681K, capacity 22118K, committed 22272K, reserved 1069056K
  class space    used 2938K, capacity 3237K, committed 3328K, reserved 1048576K
}
Event: 605,148 GC heap before
{Heap before GC invocations=9 (full 1):
 def new generation   total 12288K, used 10944K [0x00000000e0e00000, 0x00000000e1b50000, 0x00000000eb400000)
  eden space 10944K, 100% used [0x00000000e0e00000, 0x00000000e18b0000, 0x00000000e18b0000)
  from space 1344K,   0% used [0x00000000e18b0000, 0x00000000e18b01f8, 0x00000000e1a00000)
  to   space 1344K,   0% used [0x00000000e1a00000, 0x00000000e1a00000, 0x00000000e1b50000)
 tenured generation   total 27200K, used 17125K [0x00000000eb400000, 0x00000000ece90000, 0x0000000100000000)
   the space 27200K,  62% used [0x00000000eb400000, 0x00000000ec4b9698, 0x00000000ec4b9800, 0x00000000ece90000)
 Metaspace       used 20682K, capacity 22118K, committed 22272K, reserved 1069056K
  class space    used 2938K, capacity 3237K, committed 3328K, reserved 1048576K
Event: 605,149 GC heap after
Heap after GC invocations=10 (full 1):
 def new generation   total 12288K, used 0K [0x00000000e0e00000, 0x00000000e1b50000, 0x00000000eb400000)
  eden space 10944K,   0% used [0x00000000e0e00000, 0x00000000e0e00000, 0x00000000e18b0000)
  from space 1344K,   0% used [0x00000000e1a00000, 0x00000000e1a001e8, 0x00000000e1b50000)
  to   space 1344K,   0% used [0x00000000e18b0000, 0x00000000e18b0000, 0x00000000e1a00000)
 tenured generation   total 27200K, used 17125K [0x00000000eb400000, 0x00000000ece90000, 0x0000000100000000)
   the space 27200K,  62% used [0x00000000eb400000, 0x00000000ec4b9698, 0x00000000ec4b9800, 0x00000000ece90000)
 Metaspace       used 20682K, capacity 22118K, committed 22272K, reserved 1069056K
  class space    used 2938K, capacity 3237K, committed 3328K, reserved 1048576K
}
Event: 833,418 GC heap before
{Heap before GC invocations=10 (full 1):
 def new generation   total 12288K, used 10944K [0x00000000e0e00000, 0x00000000e1b50000, 0x00000000eb400000)
  eden space 10944K, 100% used [0x00000000e0e00000, 0x00000000e18b0000, 0x00000000e18b0000)
  from space 1344K,   0% used [0x00000000e1a00000, 0x00000000e1a001e8, 0x00000000e1b50000)
  to   space 1344K,   0% used [0x00000000e18b0000, 0x00000000e18b0000, 0x00000000e1a00000)
 tenured generation   total 27200K, used 17125K [0x00000000eb400000, 0x00000000ece90000, 0x0000000100000000)
   the space 27200K,  62% used [0x00000000eb400000, 0x00000000ec4b9698, 0x00000000ec4b9800, 0x00000000ece90000)
 Metaspace       used 20682K, capacity 22118K, committed 22272K, reserved 1069056K
  class space    used 2938K, capacity 3237K, committed 3328K, reserved 1048576K
Event: 833,419 GC heap after
Heap after GC invocations=11 (full 1):
 def new generation   total 12288K, used 0K [0x00000000e0e00000, 0x00000000e1b50000, 0x00000000eb400000)
  eden space 10944K,   0% used [0x00000000e0e00000, 0x00000000e0e00000, 0x00000000e18b0000)
  from space 1344K,   0% used [0x00000000e18b0000, 0x00000000e18b0020, 0x00000000e1a00000)
  to   space 1344K,   0% used [0x00000000e1a00000, 0x00000000e1a00000, 0x00000000e1b50000)
 tenured generation   total 27200K, used 17125K [0x00000000eb400000, 0x00000000ece90000, 0x0000000100000000)
   the space 27200K,  62% used [0x00000000eb400000, 0x00000000ec4b9698, 0x00000000ec4b9800, 0x00000000ece90000)
 Metaspace       used 20682K, capacity 22118K, committed 22272K, reserved 1069056K
  class space    used 2938K, capacity 3237K, committed 3328K, reserved 1048576K
}
Event: 1064,892 GC heap before
{Heap before GC invocations=11 (full 1):
 def new generation   total 12288K, used 10944K [0x00000000e0e00000, 0x00000000e1b50000, 0x00000000eb400000)
  eden space 10944K, 100% used [0x00000000e0e00000, 0x00000000e18b0000, 0x00000000e18b0000)
  from space 1344K,   0% used [0x00000000e18b0000, 0x00000000e18b0020, 0x00000000e1a00000)
  to   space 1344K,   0% used [0x00000000e1a00000, 0x00000000e1a00000, 0x00000000e1b50000)
 tenured generation   total 27200K, used 17125K [0x00000000eb400000, 0x00000000ece90000, 0x0000000100000000)
   the space 27200K,  62% used [0x00000000eb400000, 0x00000000ec4b9698, 0x00000000ec4b9800, 0x00000000ece90000)
 Metaspace       used 20682K, capacity 22118K, committed 22272K, reserved 1069056K
  class space    used 2938K, capacity 3237K, committed 3328K, reserved 1048576K
Event: 1064,894 GC heap after
Heap after GC invocations=12 (full 1):
 def new generation   total 12288K, used 0K [0x00000000e0e00000, 0x00000000e1b50000, 0x00000000eb400000)
  eden space 10944K,   0% used [0x00000000e0e00000, 0x00000000e0e00000, 0x00000000e18b0000)
  from space 1344K,   0% used [0x00000000e1a00000, 0x00000000e1a00068, 0x00000000e1b50000)
  to   space 1344K,   0% used [0x00000000e18b0000, 0x00000000e18b0000, 0x00000000e1a00000)
 tenured generation   total 27200K, used 17125K [0x00000000eb400000, 0x00000000ece90000, 0x0000000100000000)
   the space 27200K,  62% used [0x00000000eb400000, 0x00000000ec4b9698, 0x00000000ec4b9800, 0x00000000ece90000)
 Metaspace       used 20682K, capacity 22118K, committed 22272K, reserved 1069056K
  class space    used 2938K, capacity 3237K, committed 3328K, reserved 1048576K
}
Event: 1296,184 GC heap before
{Heap before GC invocations=12 (full 1):
 def new generation   total 12288K, used 10944K [0x00000000e0e00000, 0x00000000e1b50000, 0x00000000eb400000)
  eden space 10944K, 100% used [0x00000000e0e00000, 0x00000000e18b0000, 0x00000000e18b0000)
  from space 1344K,   0% used [0x00000000e1a00000, 0x00000000e1a00068, 0x00000000e1b50000)
  to   space 1344K,   0% used [0x00000000e18b0000, 0x00000000e18b0000, 0x00000000e1a00000)
 tenured generation   total 27200K, used 17125K [0x00000000eb400000, 0x00000000ece90000, 0x0000000100000000)
   the space 27200K,  62% used [0x00000000eb400000, 0x00000000ec4b9698, 0x00000000ec4b9800, 0x00000000ece90000)
 Metaspace       used 20682K, capacity 22118K, committed 22272K, reserved 1069056K
  class space    used 2938K, capacity 3237K, committed 3328K, reserved 1048576K
Event: 1296,203 GC heap after
Heap after GC invocations=13 (full 1):
 def new generation   total 12288K, used 0K [0x00000000e0e00000, 0x00000000e1b50000, 0x00000000eb400000)
  eden space 10944K,   0% used [0x00000000e0e00000, 0x00000000e0e00000, 0x00000000e18b0000)
  from space 1344K,   0% used [0x00000000e18b0000, 0x00000000e18b0068, 0x00000000e1a00000)
  to   space 1344K,   0% used [0x00000000e1a00000, 0x00000000e1a00000, 0x00000000e1b50000)
 tenured generation   total 27200K, used 17125K [0x00000000eb400000, 0x00000000ece90000, 0x0000000100000000)
   the space 27200K,  62% used [0x00000000eb400000, 0x00000000ec4b9698, 0x00000000ec4b9800, 0x00000000ece90000)
 Metaspace       used 20682K, capacity 22118K, committed 22272K, reserved 1069056K
  class space    used 2938K, capacity 3237K, committed 3328K, reserved 1048576K
}

