# JRE version: Java(TM) SE Runtime Environment (8.0_111-b14) (build 1.8.0_111-b14)
# Java VM: Java HotSpot(TM) 64-Bit Server VM (25.111-b14 mixed mode linux-amd64 compressed oops)
Heap:
 def new generation   total 12288K, used 562K [0x00000000e0e00000, 0x00000000e1b50000, 0x00000000eb400000)
  eden space 10944K,   3% used [0x00000000e0e00000, 0x00000000e0e55f28, 0x00000000e18b0000)
  from space 1344K,  16% used [0x00000000e1a00000, 0x00000000e1a36bf0, 0x00000000e1b50000)
  to   space 1344K,   0% used [0x00000000e18b0000, 0x00000000e18b0000, 0x00000000e1a00000)
 tenured generation   total 27120K, used 19373K [0x00000000eb400000, 0x00000000ece7c000, 0x0000000100000000)
   the space 27120K,  71% used [0x00000000eb400000, 0x00000000ec6eb6a0, 0x00000000ec6eb800, 0x00000000ece7c000)
 Metaspace       used 21146K, capacity 22692K, committed 22832K, reserved 1069056K
  class space    used 2978K, capacity 3262K, committed 3376K, reserved 1048576K
GC Heap History (10 events):
Event: 426,165 GC heap before
{Heap before GC invocations=9 (full 1):
 def new generation   total 12288K, used 11397K [0x00000000e0e00000, 0x00000000e1b50000, 0x00000000eb400000)
  eden space 10944K, 100% used [0x00000000e0e00000, 0x00000000e18b0000, 0x00000000e18b0000)
  from space 1344K,  33% used [0x00000000e18b0000, 0x00000000e19217c0, 0x00000000e1a00000)
  to   space 1344K,   0% used [0x00000000e1a00000, 0x00000000e1a00000, 0x00000000e1b50000)
 tenured generation   total 27120K, used 19373K [0x00000000eb400000, 0x00000000ece7c000, 0x0000000100000000)
   the space 27120K,  71% used [0x00000000eb400000, 0x00000000ec6eb6a0, 0x00000000ec6eb800, 0x00000000ece7c000)
 Metaspace       used 21131K, capacity 22680K, committed 22832K, reserved 1069056K
  class space    used 2975K, capacity 3260K, committed 3376K, reserved 1048576K
Event: 426,167 GC heap after
Heap after GC invocations=10 (full 1):
 def new generation   total 12288K, used 349K [0x00000000e0e00000, 0x00000000e1b50000, 0x00000000eb400000)
  eden space 10944K,   0% used [0x00000000e0e00000, 0x00000000e0e00000, 0x00000000e18b0000)
  from space 1344K,  26% used [0x00000000e1a00000, 0x00000000e1a57750, 0x00000000e1b50000)
  to   space 1344K,   0% used [0x00000000e18b0000, 0x00000000e18b0000, 0x00000000e1a00000)
 tenured generation   total 27120K, used 19373K [0x00000000eb400000, 0x00000000ece7c000, 0x0000000100000000)
   the space 27120K,  71% used [0x00000000eb400000, 0x00000000ec6eb6a0, 0x00000000ec6eb800, 0x00000000ece7c000)
 Metaspace       used 21131K, capacity 22680K, committed 22832K, reserved 1069056K
  class space    used 2975K, capacity 3260K, committed 3376K, reserved 1048576K
}
Event: 681,142 GC heap before
{Heap before GC invocations=10 (full 1):
 def new generation   total 12288K, used 11293K [0x00000000e0e00000, 0x00000000e1b50000, 0x00000000eb400000)
  eden space 10944K, 100% used [0x00000000e0e00000, 0x00000000e18b0000, 0x00000000e18b0000)
  from space 1344K,  26% used [0x00000000e1a00000, 0x00000000e1a57750, 0x00000000e1b50000)
  to   space 1344K,   0% used [0x00000000e18b0000, 0x00000000e18b0000, 0x00000000e1a00000)
 tenured generation   total 27120K, used 19373K [0x00000000eb400000, 0x00000000ece7c000, 0x0000000100000000)
   the space 27120K,  71% used [0x00000000eb400000, 0x00000000ec6eb6a0, 0x00000000ec6eb800, 0x00000000ece7c000)
 Metaspace       used 21132K, capacity 22680K, committed 22832K, reserved 1069056K
  class space    used 2975K, capacity 3260K, committed 3376K, reserved 1048576K
Event: 681,145 GC heap after
Heap after GC invocations=11 (full 1):
 def new generation   total 12288K, used 349K [0x00000000e0e00000, 0x00000000e1b50000, 0x00000000eb400000)
  eden space 10944K,   0% used [0x00000000e0e00000, 0x00000000e0e00000, 0x00000000e18b0000)
  from space 1344K,  26% used [0x00000000e18b0000, 0x00000000e1907700, 0x00000000e1a00000)
  to   space 1344K,   0% used [0x00000000e1a00000, 0x00000000e1a00000, 0x00000000e1b50000)
 tenured generation   total 27120K, used 19373K [0x00000000eb400000, 0x00000000ece7c000, 0x0000000100000000)
   the space 27120K,  71% used [0x00000000eb400000, 0x00000000ec6eb6a0, 0x00000000ec6eb800, 0x00000000ece7c000)
 Metaspace       used 21132K, capacity 22680K, committed 22832K, reserved 1069056K
  class space    used 2975K, capacity 3260K, committed 3376K, reserved 1048576K
}
Event: 911,356 GC heap before
{Heap before GC invocations=11 (full 1):
 def new generation   total 12288K, used 11293K [0x00000000e0e00000, 0x00000000e1b50000, 0x00000000eb400000)
  eden space 10944K, 100% used [0x00000000e0e00000, 0x00000000e18b0000, 0x00000000e18b0000)
  from space 1344K,  26% used [0x00000000e18b0000, 0x00000000e1907700, 0x00000000e1a00000)
  to   space 1344K,   0% used [0x00000000e1a00000, 0x00000000e1a00000, 0x00000000e1b50000)
 tenured generation   total 27120K, used 19373K [0x00000000eb400000, 0x00000000ece7c000, 0x0000000100000000)
   the space 27120K,  71% used [0x00000000eb400000, 0x00000000ec6eb6a0, 0x00000000ec6eb800, 0x00000000ece7c000)
 Metaspace       used 21132K, capacity 22680K, committed 22832K, reserved 1069056K
  class space    used 2975K, capacity 3260K, committed 3376K, reserved 1048576K
Event: 911,358 GC heap after
Heap after GC invocations=12 (full 1):
 def new generation   total 12288K, used 346K [0x00000000e0e00000, 0x00000000e1b50000, 0x00000000eb400000)
  eden space 10944K,   0% used [0x00000000e0e00000, 0x00000000e0e00000, 0x00000000e18b0000)
  from space 1344K,  25% used [0x00000000e1a00000, 0x00000000e1a56930, 0x00000000e1b50000)
  to   space 1344K,   0% used [0x00000000e18b0000, 0x00000000e18b0000, 0x00000000e1a00000)
 tenured generation   total 27120K, used 19373K [0x00000000eb400000, 0x00000000ece7c000, 0x0000000100000000)
   the space 27120K,  71% used [0x00000000eb400000, 0x00000000ec6eb6a0, 0x00000000ec6eb800, 0x00000000ece7c000)
 Metaspace       used 21132K, capacity 22680K, committed 22832K, reserved 1069056K
  class space    used 2975K, capacity 3260K, committed 3376K, reserved 1048576K
}
Event: 1142,239 GC heap before
{Heap before GC invocations=12 (full 1):
 def new generation   total 12288K, used 11290K [0x00000000e0e00000, 0x00000000e1b50000, 0x00000000eb400000)
  eden space 10944K, 100% used [0x00000000e0e00000, 0x00000000e18b0000, 0x00000000e18b0000)
  from space 1344K,  25% used [0x00000000e1a00000, 0x00000000e1a56930, 0x00000000e1b50000)
  to   space 1344K,   0% used [0x00000000e18b0000, 0x00000000e18b0000, 0x00000000e1a00000)
 tenured generation   total 27120K, used 19373K [0x00000000eb400000, 0x00000000ece7c000, 0x0000000100000000)
   the space 27120K,  71% used [0x00000000eb400000, 0x00000000ec6eb6a0, 0x00000000ec6eb800, 0x00000000ece7c000)
 Metaspace       used 21132K, capacity 22680K, committed 22832K, reserved 1069056K
  class space    used 2975K, capacity 3260K, committed 3376K, reserved 1048576K
Event: 1142,241 GC heap after
Heap after GC invocations=13 (full 1):
 def new generation   total 12288K, used 217K [0x00000000e0e00000, 0x00000000e1b50000, 0x00000000eb400000)
  eden space 10944K,   0% used [0x00000000e0e00000, 0x00000000e0e00000, 0x00000000e18b0000)
  from space 1344K,  16% used [0x00000000e18b0000, 0x00000000e18e6790, 0x00000000e1a00000)
  to   space 1344K,   0% used [0x00000000e1a00000, 0x00000000e1a00000, 0x00000000e1b50000)
 tenured generation   total 27120K, used 19373K [0x00000000eb400000, 0x00000000ece7c000, 0x0000000100000000)
   the space 27120K,  71% used [0x00000000eb400000, 0x00000000ec6eb6a0, 0x00000000ec6eb800, 0x00000000ece7c000)
 Metaspace       used 21132K, capacity 22680K, committed 22832K, reserved 1069056K
  class space    used 2975K, capacity 3260K, committed 3376K, reserved 1048576K
}
Event: 1376,588 GC heap before
{Heap before GC invocations=13 (full 1):
 def new generation   total 12288K, used 11161K [0x00000000e0e00000, 0x00000000e1b50000, 0x00000000eb400000)
  eden space 10944K, 100% used [0x00000000e0e00000, 0x00000000e18b0000, 0x00000000e18b0000)
  from space 1344K,  16% used [0x00000000e18b0000, 0x00000000e18e6790, 0x00000000e1a00000)
  to   space 1344K,   0% used [0x00000000e1a00000, 0x00000000e1a00000, 0x00000000e1b50000)
 tenured generation   total 27120K, used 19373K [0x00000000eb400000, 0x00000000ece7c000, 0x0000000100000000)
   the space 27120K,  71% used [0x00000000eb400000, 0x00000000ec6eb6a0, 0x00000000ec6eb800, 0x00000000ece7c000)
 Metaspace       used 21134K, capacity 22680K, committed 22832K, reserved 1069056K
  class space    used 2976K, capacity 3260K, committed 3376K, reserved 1048576K
Event: 1376,590 GC heap after
Heap after GC invocations=14 (full 1):
 def new generation   total 12288K, used 218K [0x00000000e0e00000, 0x00000000e1b50000, 0x00000000eb400000)
  eden space 10944K,   0% used [0x00000000e0e00000, 0x00000000e0e00000, 0x00000000e18b0000)
  from space 1344K,  16% used [0x00000000e1a00000, 0x00000000e1a36bf0, 0x00000000e1b50000)
  to   space 1344K,   0% used [0x00000000e18b0000, 0x00000000e18b0000, 0x00000000e1a00000)
 tenured generation   total 27120K, used 19373K [0x00000000eb400000, 0x00000000ece7c000, 0x0000000100000000)
   the space 27120K,  71% used [0x00000000eb400000, 0x00000000ec6eb6a0, 0x00000000ec6eb800, 0x00000000ece7c000)
 Metaspace       used 21134K, capacity 22680K, committed 22832K, reserved 1069056K
  class space    used 2976K, capacity 3260K, committed 3376K, reserved 1048576K
}

