# JRE version: Java(TM) SE Runtime Environment (8.0_111-b14) (build 1.8.0_111-b14)
# Java VM: Java HotSpot(TM) 64-Bit Server VM (25.111-b14 mixed mode linux-amd64 compressed oops)
Heap:
 def new generation   total 9792K, used 6566K [0x00000000e0e00000, 0x00000000e18a0000, 0x00000000eb400000)
  eden space 8704K,  62% used [0x00000000e0e00000, 0x00000000e1359ab0, 0x00000000e1680000)
  from space 1088K,  99% used [0x00000000e1680000, 0x00000000e178fff8, 0x00000000e1790000)
  to   space 1088K,   0% used [0x00000000e1790000, 0x00000000e1790000, 0x00000000e18a0000)
 tenured generation   total 21888K, used 1203K [0x00000000eb400000, 0x00000000ec960000, 0x0000000100000000)
   the space 21888K,   5% used [0x00000000eb400000, 0x00000000eb52cc40, 0x00000000eb52ce00, 0x00000000ec960000)
 Metaspace       used 12685K, capacity 13338K, committed 13440K, reserved 1060864K
  class space    used 1883K, capacity 2079K, committed 2176K, reserved 1048576K
GC Heap History (4 events):
Event: 2,596 GC heap before
{Heap before GC invocations=0 (full 0):
 def new generation   total 9792K, used 8704K [0x00000000e0e00000, 0x00000000e18a0000, 0x00000000eb400000)
  eden space 8704K, 100% used [0x00000000e0e00000, 0x00000000e1680000, 0x00000000e1680000)
  from space 1088K,   0% used [0x00000000e1680000, 0x00000000e1680000, 0x00000000e1790000)
  to   space 1088K,   0% used [0x00000000e1790000, 0x00000000e1790000, 0x00000000e18a0000)
 tenured generation   total 21888K, used 0K [0x00000000eb400000, 0x00000000ec960000, 0x0000000100000000)
   the space 21888K,   0% used [0x00000000eb400000, 0x00000000eb400000, 0x00000000eb400200, 0x00000000ec960000)
 Metaspace       used 7125K, capacity 7620K, committed 7680K, reserved 1056768K
  class space    used 909K, capacity 1007K, committed 1024K, reserved 1048576K
Event: 2,619 GC heap after
Heap after GC invocations=1 (full 0):
 def new generation   total 9792K, used 952K [0x00000000e0e00000, 0x00000000e18a0000, 0x00000000eb400000)
  eden space 8704K,   0% used [0x00000000e0e00000, 0x00000000e0e00000, 0x00000000e1680000)
  from space 1088K,  87% used [0x00000000e1790000, 0x00000000e187e3b0, 0x00000000e18a0000)
  to   space 1088K,   0% used [0x00000000e1680000, 0x00000000e1680000, 0x00000000e1790000)
 tenured generation   total 21888K, used 0K [0x00000000eb400000, 0x00000000ec960000, 0x0000000100000000)
   the space 21888K,   0% used [0x00000000eb400000, 0x00000000eb400000, 0x00000000eb400200, 0x00000000ec960000)
 Metaspace       used 7125K, capacity 7620K, committed 7680K, reserved 1056768K
  class space    used 909K, capacity 1007K, committed 1024K, reserved 1048576K
}
Event: 4,432 GC heap before
{Heap before GC invocations=1 (full 0):
 def new generation   total 9792K, used 9656K [0x00000000e0e00000, 0x00000000e18a0000, 0x00000000eb400000)
  eden space 8704K, 100% used [0x00000000e0e00000, 0x00000000e1680000, 0x00000000e1680000)
  from space 1088K,  87% used [0x00000000e1790000, 0x00000000e187e3b0, 0x00000000e18a0000)
  to   space 1088K,   0% used [0x00000000e1680000, 0x00000000e1680000, 0x00000000e1790000)
 tenured generation   total 21888K, used 0K [0x00000000eb400000, 0x00000000ec960000, 0x0000000100000000)
   the space 21888K,   0% used [0x00000000eb400000, 0x00000000eb400000, 0x00000000eb400200, 0x00000000ec960000)
 Metaspace       used 10530K, capacity 11076K, committed 11136K, reserved 1058816K
  class space    used 1467K, capacity 1648K, committed 1664K, reserved 1048576K
Event: 4,450 GC heap after
Heap after GC invocations=2 (full 0):
 def new generation   total 9792K, used 1087K [0x00000000e0e00000, 0x00000000e18a0000, 0x00000000eb400000)
  eden space 8704K,   0% used [0x00000000e0e00000, 0x00000000e0e00000, 0x00000000e1680000)
  from space 1088K,  99% used [0x00000000e1680000, 0x00000000e178fff8, 0x00000000e1790000)
  to   space 1088K,   0% used [0x00000000e1790000, 0x00000000e1790000, 0x00000000e18a0000)
 tenured generation   total 21888K, used 1203K [0x00000000eb400000, 0x00000000ec960000, 0x0000000100000000)
   the space 21888K,   5% used [0x00000000eb400000, 0x00000000eb52cc40, 0x00000000eb52ce00, 0x00000000ec960000)
 Metaspace       used 10530K, capacity 11076K, committed 11136K, reserved 1058816K
  class space    used 1467K, capacity 1648K, committed 1664K, reserved 1048576K
}

