# JRE version: Java(TM) SE Runtime Environment (8.0_111-b14) (build 1.8.0_111-b14)
# Java VM: Java HotSpot(TM) 64-Bit Server VM (25.111-b14 mixed mode linux-amd64 compressed oops)
Heap:
 def new generation   total 9792K, used 1193K [0x00000000e0e00000, 0x00000000e18a0000, 0x00000000eb400000)
  eden space 8704K,   1% used [0x00000000e0e00000, 0x00000000e0e1a670, 0x00000000e1680000)
  from space 1088K, 100% used [0x00000000e1680000, 0x00000000e1790000, 0x00000000e1790000)
  to   space 1088K,   0% used [0x00000000e1790000, 0x00000000e1790000, 0x00000000e18a0000)
 tenured generation   total 21888K, used 1894K [0x00000000eb400000, 0x00000000ec960000, 0x0000000100000000)
   the space 21888K,   8% used [0x00000000eb400000, 0x00000000eb5d9968, 0x00000000eb5d9a00, 0x00000000ec960000)
 Metaspace       used 11988K, capacity 12326K, committed 12672K, reserved 1060864K
  class space    used 1469K, capacity 1567K, committed 1664K, reserved 1048576K
GC Heap History (4 events):
Event: 4,498 GC heap before
{Heap before GC invocations=0 (full 0):
 def new generation   total 9792K, used 8704K [0x00000000e0e00000, 0x00000000e18a0000, 0x00000000eb400000)
  eden space 8704K, 100% used [0x00000000e0e00000, 0x00000000e1680000, 0x00000000e1680000)
  from space 1088K,   0% used [0x00000000e1680000, 0x00000000e1680000, 0x00000000e1790000)
  to   space 1088K,   0% used [0x00000000e1790000, 0x00000000e1790000, 0x00000000e18a0000)
 tenured generation   total 21888K, used 0K [0x00000000eb400000, 0x00000000ec960000, 0x0000000100000000)
   the space 21888K,   0% used [0x00000000eb400000, 0x00000000eb400000, 0x00000000eb400200, 0x00000000ec960000)
 Metaspace       used 7488K, capacity 7838K, committed 7936K, reserved 1056768K
  class space    used 813K, capacity 933K, committed 1024K, reserved 1048576K
Event: 4,557 GC heap after
Heap after GC invocations=1 (full 0):
 def new generation   total 9792K, used 1088K [0x00000000e0e00000, 0x00000000e18a0000, 0x00000000eb400000)
  eden space 8704K,   0% used [0x00000000e0e00000, 0x00000000e0e00000, 0x00000000e1680000)
  from space 1088K, 100% used [0x00000000e1790000, 0x00000000e18a0000, 0x00000000e18a0000)
  to   space 1088K,   0% used [0x00000000e1680000, 0x00000000e1680000, 0x00000000e1790000)
 tenured generation   total 21888K, used 530K [0x00000000eb400000, 0x00000000ec960000, 0x0000000100000000)
   the space 21888K,   2% used [0x00000000eb400000, 0x00000000eb484950, 0x00000000eb484a00, 0x00000000ec960000)
 Metaspace       used 7488K, capacity 7838K, committed 7936K, reserved 1056768K
  class space    used 813K, capacity 933K, committed 1024K, reserved 1048576K
}
Event: 9,699 GC heap before
{Heap before GC invocations=1 (full 0):
 def new generation   total 9792K, used 9792K [0x00000000e0e00000, 0x00000000e18a0000, 0x00000000eb400000)
  eden space 8704K, 100% used [0x00000000e0e00000, 0x00000000e1680000, 0x00000000e1680000)
  from space 1088K, 100% used [0x00000000e1790000, 0x00000000e18a0000, 0x00000000e18a0000)
  to   space 1088K,   0% used [0x00000000e1680000, 0x00000000e1680000, 0x00000000e1790000)
 tenured generation   total 21888K, used 530K [0x00000000eb400000, 0x00000000ec960000, 0x0000000100000000)
   the space 21888K,   2% used [0x00000000eb400000, 0x00000000eb484950, 0x00000000eb484a00, 0x00000000ec960000)
 Metaspace       used 11961K, capacity 12326K, committed 12672K, reserved 1060864K
  class space    used 1468K, capacity 1567K, committed 1664K, reserved 1048576K
Event: 9,767 GC heap after
Heap after GC invocations=2 (full 0):
 def new generation   total 9792K, used 1088K [0x00000000e0e00000, 0x00000000e18a0000, 0x00000000eb400000)
  eden space 8704K,   0% used [0x00000000e0e00000, 0x00000000e0e00000, 0x00000000e1680000)
  from space 1088K, 100% used [0x00000000e1680000, 0x00000000e1790000, 0x00000000e1790000)
  to   space 1088K,   0% used [0x00000000e1790000, 0x00000000e1790000, 0x00000000e18a0000)
 tenured generation   total 21888K, used 1894K [0x00000000eb400000, 0x00000000ec960000, 0x0000000100000000)
   the space 21888K,   8% used [0x00000000eb400000, 0x00000000eb5d9968, 0x00000000eb5d9a00, 0x00000000ec960000)
 Metaspace       used 11961K, capacity 12326K, committed 12672K, reserved 1060864K
  class space    used 1468K, capacity 1567K, committed 1664K, reserved 1048576K
}

