# JRE version: Java(TM) SE Runtime Environment (8.0_111-b14) (build 1.8.0_111-b14)
# Java VM: Java HotSpot(TM) 64-Bit Server VM (25.111-b14 mixed mode linux-amd64 compressed oops)
Heap:
 def new generation   total 9792K, used 8028K [0x00000000e0e00000, 0x00000000e18a0000, 0x00000000eb400000)
  eden space 8704K,  79% used [0x00000000e0e00000, 0x00000000e14c7388, 0x00000000e1680000)
  from space 1088K, 100% used [0x00000000e1790000, 0x00000000e18a0000, 0x00000000e18a0000)
  to   space 1088K,   0% used [0x00000000e1680000, 0x00000000e1680000, 0x00000000e1790000)
 tenured generation   total 21888K, used 3092K [0x00000000eb400000, 0x00000000ec960000, 0x0000000100000000)
   the space 21888K,  14% used [0x00000000eb400000, 0x00000000eb7050b8, 0x00000000eb705200, 0x00000000ec960000)
 Metaspace       used 16874K, capacity 18004K, committed 18176K, reserved 1064960K
  class space    used 2468K, capacity 2704K, committed 2816K, reserved 1048576K
GC Heap History (6 events):
Event: 3,208 GC heap before
{Heap before GC invocations=0 (full 0):
 def new generation   total 9792K, used 8704K [0x00000000e0e00000, 0x00000000e18a0000, 0x00000000eb400000)
  eden space 8704K, 100% used [0x00000000e0e00000, 0x00000000e1680000, 0x00000000e1680000)
  from space 1088K,   0% used [0x00000000e1680000, 0x00000000e1680000, 0x00000000e1790000)
  to   space 1088K,   0% used [0x00000000e1790000, 0x00000000e1790000, 0x00000000e18a0000)
 tenured generation   total 21888K, used 0K [0x00000000eb400000, 0x00000000ec960000, 0x0000000100000000)
   the space 21888K,   0% used [0x00000000eb400000, 0x00000000eb400000, 0x00000000eb400200, 0x00000000ec960000)
 Metaspace       used 7140K, capacity 7626K, committed 7680K, reserved 1056768K
  class space    used 909K, capacity 1008K, committed 1024K, reserved 1048576K
Event: 3,217 GC heap after
Heap after GC invocations=1 (full 0):
 def new generation   total 9792K, used 953K [0x00000000e0e00000, 0x00000000e18a0000, 0x00000000eb400000)
  eden space 8704K,   0% used [0x00000000e0e00000, 0x00000000e0e00000, 0x00000000e1680000)
  from space 1088K,  87% used [0x00000000e1790000, 0x00000000e187e4a8, 0x00000000e18a0000)
  to   space 1088K,   0% used [0x00000000e1680000, 0x00000000e1680000, 0x00000000e1790000)
 tenured generation   total 21888K, used 0K [0x00000000eb400000, 0x00000000ec960000, 0x0000000100000000)
   the space 21888K,   0% used [0x00000000eb400000, 0x00000000eb400000, 0x00000000eb400200, 0x00000000ec960000)
 Metaspace       used 7140K, capacity 7626K, committed 7680K, reserved 1056768K
  class space    used 909K, capacity 1008K, committed 1024K, reserved 1048576K
}
Event: 4,895 GC heap before
{Heap before GC invocations=1 (full 0):
 def new generation   total 9792K, used 9657K [0x00000000e0e00000, 0x00000000e18a0000, 0x00000000eb400000)
  eden space 8704K, 100% used [0x00000000e0e00000, 0x00000000e1680000, 0x00000000e1680000)
  from space 1088K,  87% used [0x00000000e1790000, 0x00000000e187e4a8, 0x00000000e18a0000)
  to   space 1088K,   0% used [0x00000000e1680000, 0x00000000e1680000, 0x00000000e1790000)
 tenured generation   total 21888K, used 0K [0x00000000eb400000, 0x00000000ec960000, 0x0000000100000000)
   the space 21888K,   0% used [0x00000000eb400000, 0x00000000eb400000, 0x00000000eb400200, 0x00000000ec960000)
 Metaspace       used 10663K, capacity 11146K, committed 11392K, reserved 1058816K
  class space    used 1467K, capacity 1631K, committed 1664K, reserved 1048576K
Event: 4,908 GC heap after
Heap after GC invocations=2 (full 0):
 def new generation   total 9792K, used 1087K [0x00000000e0e00000, 0x00000000e18a0000, 0x00000000eb400000)
  eden space 8704K,   0% used [0x00000000e0e00000, 0x00000000e0e00000, 0x00000000e1680000)
  from space 1088K,  99% used [0x00000000e1680000, 0x00000000e178fff8, 0x00000000e1790000)
  to   space 1088K,   0% used [0x00000000e1790000, 0x00000000e1790000, 0x00000000e18a0000)
 tenured generation   total 21888K, used 1616K [0x00000000eb400000, 0x00000000ec960000, 0x0000000100000000)
   the space 21888K,   7% used [0x00000000eb400000, 0x00000000eb594008, 0x00000000eb594200, 0x00000000ec960000)
 Metaspace       used 10663K, capacity 11146K, committed 11392K, reserved 1058816K
  class space    used 1467K, capacity 1631K, committed 1664K, reserved 1048576K
}
Event: 6,630 GC heap before
{Heap before GC invocations=2 (full 0):
 def new generation   total 9792K, used 9791K [0x00000000e0e00000, 0x00000000e18a0000, 0x00000000eb400000)
  eden space 8704K, 100% used [0x00000000e0e00000, 0x00000000e1680000, 0x00000000e1680000)
  from space 1088K,  99% used [0x00000000e1680000, 0x00000000e178fff8, 0x00000000e1790000)
  to   space 1088K,   0% used [0x00000000e1790000, 0x00000000e1790000, 0x00000000e18a0000)
 tenured generation   total 21888K, used 1616K [0x00000000eb400000, 0x00000000ec960000, 0x0000000100000000)
   the space 21888K,   7% used [0x00000000eb400000, 0x00000000eb594008, 0x00000000eb594200, 0x00000000ec960000)
 Metaspace       used 15058K, capacity 15716K, committed 15872K, reserved 1062912K
  class space    used 2110K, capacity 2302K, committed 2304K, reserved 1048576K
Event: 6,644 GC heap after
Heap after GC invocations=3 (full 0):
 def new generation   total 9792K, used 1088K [0x00000000e0e00000, 0x00000000e18a0000, 0x00000000eb400000)
  eden space 8704K,   0% used [0x00000000e0e00000, 0x00000000e0e00000, 0x00000000e1680000)
  from space 1088K, 100% used [0x00000000e1790000, 0x00000000e18a0000, 0x00000000e18a0000)
  to   space 1088K,   0% used [0x00000000e1680000, 0x00000000e1680000, 0x00000000e1790000)
 tenured generation   total 21888K, used 3092K [0x00000000eb400000, 0x00000000ec960000, 0x0000000100000000)
   the space 21888K,  14% used [0x00000000eb400000, 0x00000000eb7050b8, 0x00000000eb705200, 0x00000000ec960000)
 Metaspace       used 15058K, capacity 15716K, committed 15872K, reserved 1062912K
  class space    used 2110K, capacity 2302K, committed 2304K, reserved 1048576K
}

